
[1;31mSDESIGN finished[0m

 ... Reading nodes from cluster 1
 ... Reading nodes from cluster 2
 ... Reading nodes from cluster 3
 ... Reading nodes from cluster 4
 ... Reading nodes from cluster 5
 ... Reading nodes from cluster 6
 ... Reading nodes from cluster 7
 ... Reading nodes from cluster 8
 ... Reading nodes from cluster 9
 ... Reading nodes from cluster 10
 ... Reading nodes from cluster 11
 ... Reading nodes from cluster 12
 ... Number of nodes (including overlap) = 20128
 ... Number of nodes = 19296
 ... Reading faces from cluster 1
 ... Reading faces from cluster 2
 ... Reading faces from cluster 3
 ... Reading faces from cluster 4
 ... Reading faces from cluster 5
 ... Reading faces from cluster 6
 ... Reading faces from cluster 7
 ... Reading faces from cluster 8
 ... Reading faces from cluster 9
 ... Reading faces from cluster 10
 ... Reading faces from cluster 11
 ... Reading faces from cluster 12
 ... Number of skin nodes = 1960
 ... Number of skin faces = 1960
 ... Number of input result(s) = 8
 ... Number of output result(s) = 8
 ... Processing result 1 with tag 0     ... Processing result 2 with tag 1     ... Processing result 3 with tag 2     ... Processing result 4 with tag 3     ... Processing result 5 with tag 4     ... Processing result 6 with tag 5     ... Processing result 7 with tag 6     ... Processing result 8 with tag 7    
[1;31mSOWER finished[0m

 ... Reading nodes from cluster 1
 ... Reading nodes from cluster 2
 ... Reading nodes from cluster 3
 ... Reading nodes from cluster 4
 ... Reading nodes from cluster 5
 ... Reading nodes from cluster 6
 ... Reading nodes from cluster 7
 ... Reading nodes from cluster 8
 ... Reading nodes from cluster 9
 ... Reading nodes from cluster 10
 ... Reading nodes from cluster 11
 ... Reading nodes from cluster 12
 ... Number of nodes (including overlap) = 20128
 ... Number of nodes = 19296
 ... Reading faces from cluster 1
 ... Reading faces from cluster 2
 ... Reading faces from cluster 3
 ... Reading faces from cluster 4
 ... Reading faces from cluster 5
 ... Reading faces from cluster 6
 ... Reading faces from cluster 7
 ... Reading faces from cluster 8
 ... Reading faces from cluster 9
 ... Reading faces from cluster 10
 ... Reading faces from cluster 11
 ... Reading faces from cluster 12
 ... Number of skin nodes = 1960
 ... Number of skin faces = 1960
 ... Number of input result(s) = 1
 ... Number of output result(s) = 1
 ... Processing result 1 with tag 0    
[1;31mSOWER on fluid finished[0m


  _______                              __________
  ___    |_____ ______________         ___  ____/
  __  /| |_  _ \__  ___/_  __ \__________  /_  
  _  ___ |/  __/_  /    / /_/ /_/_____/_  __/    
  /_/  |_|\___/ /_/     \____/         /_/     
  Changeset ID: 52a12ed12890+ 1808+ 
12 MPI CPU for 12 subdomains
*** Warning: changed the orientation of 38592 boundary faces
Node statistics: min=1624, max=1729, total=20128
Edge statistics: min=7679, max=8113, total=95033
Face statistics: min=3141, max=3309, total=38592
Elem statistics: min=4434, max=4661, total=54816
Control volume statistics: min=2.136e-10, max=6.223e-02, total=1.252e+01
Mesh bounding box: (Xmin,Ymin,Zmin) = (-2.000e+01 -2.000e+01 -1.000e-02)
                   (Xmax,Ymax,Zmax) = (2.000e+01 2.000e+01 -0.000e+00)
Memory for stiffness matrix (dim=3): 14.43 MB
Memory for Jacobi preconditioner (dim=3): 1.38 MB
Read solution 0 from './sdesign/naca_sowered.vmo'
Control volume statistics: min=2.136e-10, max=6.223e-02, total=1.252e+01
Mesh bounding box: (Xmin,Ymin,Zmin) = (-2.000e+01 -2.000e+01 -1.000e-02)
                   (Xmax,Ymax,Zmax) = (2.000e+01 2.000e+01 0.000e+00)
Wrote solution 0 to 'DEFAULT.POS'

Reading optimal pressure distribution from ./results/naca_steady.pres
Read solution 0 from './results/naca_steady.pres'
[Probe] Number of probing nodes is 0
Memory for ILU(0) preconditioner (dim=5): 20.05 MB
Memory for Gmres(80) solver: 62.19 MB
Memory required for matvec with H2: 40.09+14.50=54.59 MB
Memory for ILU(0) preconditioner (dim=5): 20.05 MB
Memory for Gmres(2000) solver: 1536.41 MB
Memory required for matvec with dRdX: 849.06 MB
Memory for stiffness matrix (dim=3): 14.43 MB
Memory for Jacobi preconditioner (dim=3): 1.38 MB
******************************************
*** Fluid Shape Optimization Interface ***
******************************************
Spatial residual norm = 6.353759454300e+05
Time for one residual evaluation: 0.027221 s

It     0: Res = 1.000000e+00, Cfl = 1.000000e+00, Elapsed Time = 0.00e+00 s
It     1: Res = 9.092825e-01, Cfl = 1.000000e+00, Elapsed Time = 3.71e-01 s
It     2: Res = 3.333842e-01, Cfl = 5.000000e+00, Elapsed Time = 7.47e-01 s
It     3: Res = 1.027838e-01, Cfl = 1.000000e+01, Elapsed Time = 1.20e+00 s
It     4: Res = 4.764887e-02, Cfl = 1.500000e+01, Elapsed Time = 1.70e+00 s
It     5: Res = 2.543060e-02, Cfl = 2.000000e+01, Elapsed Time = 2.26e+00 s
It     6: Res = 2.000972e-02, Cfl = 2.500000e+01, Elapsed Time = 2.84e+00 s
It     7: Res = 1.782181e-02, Cfl = 3.000000e+01, Elapsed Time = 3.42e+00 s
It     8: Res = 1.458016e-02, Cfl = 3.500000e+01, Elapsed Time = 4.06e+00 s
It     9: Res = 1.073326e-02, Cfl = 4.000000e+01, Elapsed Time = 4.76e+00 s
It    10: Res = 7.228303e-03, Cfl = 4.500000e+01, Elapsed Time = 5.45e+00 s
It    11: Res = 4.582144e-03, Cfl = 5.000000e+01, Elapsed Time = 6.23e+00 s
It    12: Res = 2.844027e-03, Cfl = 5.500000e+01, Elapsed Time = 7.05e+00 s
It    13: Res = 1.795681e-03, Cfl = 6.056844e+01, Elapsed Time = 7.82e+00 s
It    14: Res = 1.092070e-03, Cfl = 8.356791e+01, Elapsed Time = 8.74e+00 s
It    15: Res = 6.377738e-04, Cfl = 1.183654e+02, Elapsed Time = 9.79e+00 s
It    16: Res = 3.535291e-04, Cfl = 1.724779e+02, Elapsed Time = 1.10e+01 s
It    17: Res = 1.566267e-04, Cfl = 2.606768e+02, Elapsed Time = 1.25e+01 s
It    18: Res = 4.623592e-05, Cfl = 4.608864e+02, Elapsed Time = 1.47e+01 s
It    19: Res = 2.160371e-05, Cfl = 1.082716e+03, Elapsed Time = 1.80e+01 s
It    20: Res = 4.866897e-06, Cfl = 1.844294e+03, Elapsed Time = 2.14e+01 s
It    21: Res = 4.295829e-07, Cfl = 5.235082e+03, Elapsed Time = 2.56e+01 s
It    22: Res = 2.955803e-08, Cfl = 1.000000e+04, Elapsed Time = 3.27e+01 s
It    23: Res = 5.863876e-09, Cfl = 1.000000e+04, Elapsed Time = 4.51e+01 s
It    24: Res = 2.962749e-09, Cfl = 1.000000e+04, Elapsed Time = 5.86e+01 s
It    25: Res = 1.679195e-09, Cfl = 1.000000e+04, Elapsed Time = 9.25e+01 s
It    26: Res = 9.872490e-10, Cfl = 1.000000e+04, Elapsed Time = 1.16e+02 s
It    27: Res = 6.040165e-10, Cfl = 1.000000e+04, Elapsed Time = 1.35e+02 s
It    28: Res = 3.777564e-10, Cfl = 1.000000e+04, Elapsed Time = 1.54e+02 s
It    29: Res = 2.371857e-10, Cfl = 1.000000e+04, Elapsed Time = 1.75e+02 s
It    30: Res = 1.487013e-10, Cfl = 1.000000e+04, Elapsed Time = 1.97e+02 s
It    31: Res = 9.315235e-11, Cfl = 1.000000e+04, Elapsed Time = 2.16e+02 s
Wrote solution 0 to 'DEFAULT.SOL'

----------------------------------------------------------------------
Elapsed Time Report (s)       :        Min        Max        Avg   # Calls

Problem Setup                 :       6.06       6.08       6.07         1

Fluid Solution                :     215.21     215.22     215.22         -
  Time Steps                  :       0.57       0.72       0.61        32
  Nodal Weights and Gradients :       0.00       0.00       0.00         0
  FV Fluxes                   :      63.33      78.36      70.99      3902
  FE Fluxes                   :       0.00       0.00       0.00         0
  FV Jacobian                 :       2.77       3.99       3.52        32
  FE Jacobian                 :       0.00       0.00       0.00         0
  VMS-LES Modeling            :       0.00       0.00       0.00         0
  Dynamic VMS-LES Modeling    :       0.00       0.00       0.00         0
  H2 Matrix Assembly          :       0.06       0.13       0.11         1
  Preconditioner Setup        :       5.29       5.71       5.59        31
  Linear Solver               :     207.27     207.78     207.49        31
  Mesh Metrics Update         :       0.00       0.00       0.00         0

Mesh Solution                 :       0.00       0.00       0.00         -
  K Matrix Assembly           :       0.08       0.13       0.10         2
  Preconditioner Setup        :       0.00       0.00       0.00         1
  Linear Solver               :       1.77       1.78       1.77         1

Communication/Synchronization :     117.84     138.49     130.17         -
  Local                       :       8.84      16.16      12.70         -
  Global                      :     102.03     129.09     117.47         -
  RMA                         :       0.00       0.00       0.00         -
  Inter                       :       0.00       0.00       0.00         0

I/O                           :       1.53       4.20       2.75         -
  Binary Read                 :       0.00       0.00       0.00         2
  Binary Write                :       1.53       4.20       2.75         2

Total Simulation              :     222.37     224.31     223.29         -
----------------------------------------------------------------------
Read solution 0 from './sdesign/naca_sowered.der'
Gmres(2000) iterations:
  0 5.385049e+05 5.385049e-05 (1.000000e-10)  
  1 7.376276e+04 5.385049e-05 
  2 2.784442e+04 5.385049e-05 
  3 1.505839e+04 5.385049e-05 
  4 1.241914e+04 5.385049e-05 
  5 1.203310e+04 5.385049e-05 
  6 1.158227e+04 5.385049e-05 
  7 1.122987e+04 5.385049e-05 
  8 1.056093e+04 5.385049e-05 
  9 9.286196e+03 5.385049e-05 
  10 8.005019e+03 5.385049e-05 
  11 6.522872e+03 5.385049e-05 
  12 5.315320e+03 5.385049e-05 
  13 5.079892e+03 5.385049e-05 
  14 5.043674e+03 5.385049e-05 
  15 4.960704e+03 5.385049e-05 
  16 4.755563e+03 5.385049e-05 
  17 4.546108e+03 5.385049e-05 
  18 4.158726e+03 5.385049e-05 
  19 3.808160e+03 5.385049e-05 
  20 3.436072e+03 5.385049e-05 
  21 2.963727e+03 5.385049e-05 
  22 2.477681e+03 5.385049e-05 
  23 1.956381e+03 5.385049e-05 
  24 1.623837e+03 5.385049e-05 
  25 1.347941e+03 5.385049e-05 
  26 1.097172e+03 5.385049e-05 
  27 9.455724e+02 5.385049e-05 
  28 8.306102e+02 5.385049e-05 
  29 7.453114e+02 5.385049e-05 
  30 7.109609e+02 5.385049e-05 
  31 6.914175e+02 5.385049e-05 
  32 6.640996e+02 5.385049e-05 
  33 6.230589e+02 5.385049e-05 
  34 5.453927e+02 5.385049e-05 
  35 4.792371e+02 5.385049e-05 
  36 4.417499e+02 5.385049e-05 
  37 4.189696e+02 5.385049e-05 
  38 3.754508e+02 5.385049e-05 
  39 3.256936e+02 5.385049e-05 
  40 2.784586e+02 5.385049e-05 
  41 2.590496e+02 5.385049e-05 
  42 2.452526e+02 5.385049e-05 
  43 2.200341e+02 5.385049e-05 
  44 1.939627e+02 5.385049e-05 
  45 1.806789e+02 5.385049e-05 
  46 1.764965e+02 5.385049e-05 
  47 1.704747e+02 5.385049e-05 
  48 1.620399e+02 5.385049e-05 
  49 1.484941e+02 5.385049e-05 
  50 1.327570e+02 5.385049e-05 
  51 1.116123e+02 5.385049e-05 
  52 9.629430e+01 5.385049e-05 
  53 9.117266e+01 5.385049e-05 
  54 8.596614e+01 5.385049e-05 
  55 7.795962e+01 5.385049e-05 
  56 7.063107e+01 5.385049e-05 
  57 6.661055e+01 5.385049e-05 
  58 6.295472e+01 5.385049e-05 
  59 5.918539e+01 5.385049e-05 
  60 5.706731e+01 5.385049e-05 
  61 5.551351e+01 5.385049e-05 
  62 5.236396e+01 5.385049e-05 
  63 4.855054e+01 5.385049e-05 
  64 4.508514e+01 5.385049e-05 
  65 4.278732e+01 5.385049e-05 
  66 4.079469e+01 5.385049e-05 
  67 3.794719e+01 5.385049e-05 
  68 3.474659e+01 5.385049e-05 
  69 3.195399e+01 5.385049e-05 
  70 2.952340e+01 5.385049e-05 
  71 2.765502e+01 5.385049e-05 
  72 2.633866e+01 5.385049e-05 
  73 2.517375e+01 5.385049e-05 
  74 2.310138e+01 5.385049e-05 
  75 2.010610e+01 5.385049e-05 
  76 1.699274e+01 5.385049e-05 
  77 1.448058e+01 5.385049e-05 
  78 1.294791e+01 5.385049e-05 
  79 1.194115e+01 5.385049e-05 
  80 1.092933e+01 5.385049e-05 
  81 9.881700e+00 5.385049e-05 
  82 9.211180e+00 5.385049e-05 
  83 8.759232e+00 5.385049e-05 
  84 8.276660e+00 5.385049e-05 
  85 7.630908e+00 5.385049e-05 
  86 6.860510e+00 5.385049e-05 
  87 6.206617e+00 5.385049e-05 
  88 5.653657e+00 5.385049e-05 
  89 5.116575e+00 5.385049e-05 
  90 4.450429e+00 5.385049e-05 
  91 3.764305e+00 5.385049e-05 
  92 3.266358e+00 5.385049e-05 
  93 2.829021e+00 5.385049e-05 
  94 2.428246e+00 5.385049e-05 
  95 2.021035e+00 5.385049e-05 
  96 1.615129e+00 5.385049e-05 
  97 1.370059e+00 5.385049e-05 
  98 1.197697e+00 5.385049e-05 
  99 1.046231e+00 5.385049e-05 
  100 9.426822e-01 5.385049e-05 
  101 8.463099e-01 5.385049e-05 
  102 7.569702e-01 5.385049e-05 
  103 6.856937e-01 5.385049e-05 
  104 6.211778e-01 5.385049e-05 
  105 5.823676e-01 5.385049e-05 
  106 5.687601e-01 5.385049e-05 
  107 5.518530e-01 5.385049e-05 
  108 5.357237e-01 5.385049e-05 
  109 5.235310e-01 5.385049e-05 
  110 5.117281e-01 5.385049e-05 
  111 4.944039e-01 5.385049e-05 
  112 4.718607e-01 5.385049e-05 
  113 4.507738e-01 5.385049e-05 
  114 4.291593e-01 5.385049e-05 
  115 4.010394e-01 5.385049e-05 
  116 3.566815e-01 5.385049e-05 
  117 3.018498e-01 5.385049e-05 
  118 2.479575e-01 5.385049e-05 
  119 2.174109e-01 5.385049e-05 
  120 1.971959e-01 5.385049e-05 
  121 1.803622e-01 5.385049e-05 
  122 1.683568e-01 5.385049e-05 
  123 1.541150e-01 5.385049e-05 
  124 1.398712e-01 5.385049e-05 
  125 1.305578e-01 5.385049e-05 
  126 1.248858e-01 5.385049e-05 
  127 1.168569e-01 5.385049e-05 
  128 1.098225e-01 5.385049e-05 
  129 1.059605e-01 5.385049e-05 
  130 1.033721e-01 5.385049e-05 
  131 9.959338e-02 5.385049e-05 
  132 9.002486e-02 5.385049e-05 
  133 8.064630e-02 5.385049e-05 
  134 7.263013e-02 5.385049e-05 
  135 6.552111e-02 5.385049e-05 
  136 6.045986e-02 5.385049e-05 
  137 5.768693e-02 5.385049e-05 
  138 5.575701e-02 5.385049e-05 
  139 5.272770e-02 5.385049e-05 
  140 4.994387e-02 5.385049e-05 
  141 4.809235e-02 5.385049e-05 
  142 4.605668e-02 5.385049e-05 
  143 4.457829e-02 5.385049e-05 
  144 4.289328e-02 5.385049e-05 
  145 3.947783e-02 5.385049e-05 
  146 3.550882e-02 5.385049e-05 
  147 3.157497e-02 5.385049e-05 
  148 2.799532e-02 5.385049e-05 
  149 2.477075e-02 5.385049e-05 
  150 2.161289e-02 5.385049e-05 
  151 1.877843e-02 5.385049e-05 
  152 1.704818e-02 5.385049e-05 
  153 1.588114e-02 5.385049e-05 
  154 1.478488e-02 5.385049e-05 
  155 1.353412e-02 5.385049e-05 
  156 1.244222e-02 5.385049e-05 
  157 1.136973e-02 5.385049e-05 
  158 1.042593e-02 5.385049e-05 
  159 9.499572e-03 5.385049e-05 
  160 8.707571e-03 5.385049e-05 
  161 7.567621e-03 5.385049e-05 
  162 6.535525e-03 5.385049e-05 
  163 5.725614e-03 5.385049e-05 
  164 5.197018e-03 5.385049e-05 
  165 4.821120e-03 5.385049e-05 
  166 4.344774e-03 5.385049e-05 
  167 3.957323e-03 5.385049e-05 
  168 3.565415e-03 5.385049e-05 
  169 3.258577e-03 5.385049e-05 
  170 3.059950e-03 5.385049e-05 
  171 2.928042e-03 5.385049e-05 
  172 2.860227e-03 5.385049e-05 
  173 2.817786e-03 5.385049e-05 
  174 2.793384e-03 5.385049e-05 
  175 2.713607e-03 5.385049e-05 
  176 2.548363e-03 5.385049e-05 
  177 2.362716e-03 5.385049e-05 
  178 2.224087e-03 5.385049e-05 
  179 2.094746e-03 5.385049e-05 
  180 1.969238e-03 5.385049e-05 
  181 1.866185e-03 5.385049e-05 
  182 1.800529e-03 5.385049e-05 
  183 1.766808e-03 5.385049e-05 
  184 1.734231e-03 5.385049e-05 
  185 1.708625e-03 5.385049e-05 
  186 1.687103e-03 5.385049e-05 
  187 1.667509e-03 5.385049e-05 
  188 1.639075e-03 5.385049e-05 
  189 1.600435e-03 5.385049e-05 
  190 1.552975e-03 5.385049e-05 
  191 1.478755e-03 5.385049e-05 
  192 1.376710e-03 5.385049e-05 
  193 1.288967e-03 5.385049e-05 
  194 1.194650e-03 5.385049e-05 
  195 1.098645e-03 5.385049e-05 
  196 1.010738e-03 5.385049e-05 
  197 8.894579e-04 5.385049e-05 
  198 7.378599e-04 5.385049e-05 
  199 6.333931e-04 5.385049e-05 
  200 5.524325e-04 5.385049e-05 
  201 4.559130e-04 5.385049e-05 
  202 3.771880e-04 5.385049e-05 
  203 3.211656e-04 5.385049e-05 
  204 2.788766e-04 5.385049e-05 
  205 2.263124e-04 5.385049e-05 
  206 1.859626e-04 5.385049e-05 
  207 1.523654e-04 5.385049e-05 
  208 1.278260e-04 5.385049e-05 
  209 1.065741e-04 5.385049e-05 
  210 8.517277e-05 5.385049e-05 
  211 6.888347e-05 5.385049e-05 
  212 6.022297e-05 5.385049e-05 
  213 5.139247e-05 5.385049e-05 
Wrote solution 0 to './results/naca_sens.pres'

Reading optimal pressure distribution from ./results/naca_steady.pres
Read solution 0 from './results/naca_steady.pres'
Read solution 1 from './sdesign/naca_sowered.der'
Gmres(2000) iterations:
  0 6.829551e+05 5.344441e-05 (1.000000e-10)  
  1 1.207964e+05 5.344441e-05 
  2 4.358223e+04 5.344441e-05 
  3 1.956530e+04 5.344441e-05 
  4 1.394520e+04 5.344441e-05 
  5 1.326538e+04 5.344441e-05 
  6 1.292942e+04 5.344441e-05 
  7 1.255081e+04 5.344441e-05 
  8 1.074298e+04 5.344441e-05 
  9 8.139952e+03 5.344441e-05 
  10 6.621663e+03 5.344441e-05 
  11 5.351129e+03 5.344441e-05 
  12 3.783084e+03 5.344441e-05 
  13 3.059973e+03 5.344441e-05 
  14 2.795563e+03 5.344441e-05 
  15 2.716487e+03 5.344441e-05 
  16 2.541470e+03 5.344441e-05 
  17 2.172970e+03 5.344441e-05 
  18 1.918497e+03 5.344441e-05 
  19 1.630023e+03 5.344441e-05 
  20 1.386719e+03 5.344441e-05 
  21 1.155643e+03 5.344441e-05 
  22 1.030702e+03 5.344441e-05 
  23 9.712703e+02 5.344441e-05 
  24 9.021060e+02 5.344441e-05 
  25 7.980131e+02 5.344441e-05 
  26 7.086498e+02 5.344441e-05 
  27 6.359619e+02 5.344441e-05 
  28 5.832178e+02 5.344441e-05 
  29 5.104903e+02 5.344441e-05 
  30 4.758501e+02 5.344441e-05 
  31 4.589860e+02 5.344441e-05 
  32 4.406661e+02 5.344441e-05 
  33 4.187472e+02 5.344441e-05 
  34 3.706700e+02 5.344441e-05 
  35 3.246611e+02 5.344441e-05 
  36 2.714553e+02 5.344441e-05 
  37 2.419593e+02 5.344441e-05 
  38 2.168705e+02 5.344441e-05 
  39 2.003714e+02 5.344441e-05 
  40 1.915171e+02 5.344441e-05 
  41 1.812456e+02 5.344441e-05 
  42 1.700756e+02 5.344441e-05 
  43 1.549236e+02 5.344441e-05 
  44 1.478153e+02 5.344441e-05 
  45 1.377714e+02 5.344441e-05 
  46 1.223176e+02 5.344441e-05 
  47 1.106161e+02 5.344441e-05 
  48 1.038751e+02 5.344441e-05 
  49 9.774996e+01 5.344441e-05 
  50 9.203079e+01 5.344441e-05 
  51 8.583054e+01 5.344441e-05 
  52 7.822952e+01 5.344441e-05 
  53 7.170168e+01 5.344441e-05 
  54 6.700070e+01 5.344441e-05 
  55 6.237355e+01 5.344441e-05 
  56 5.678342e+01 5.344441e-05 
  57 5.245596e+01 5.344441e-05 
  58 4.940546e+01 5.344441e-05 
  59 4.415011e+01 5.344441e-05 
  60 4.158805e+01 5.344441e-05 
  61 3.815609e+01 5.344441e-05 
  62 3.499681e+01 5.344441e-05 
  63 3.297253e+01 5.344441e-05 
  64 3.043608e+01 5.344441e-05 
  65 2.772071e+01 5.344441e-05 
  66 2.521590e+01 5.344441e-05 
  67 2.390268e+01 5.344441e-05 
  68 2.261244e+01 5.344441e-05 
  69 2.098345e+01 5.344441e-05 
  70 1.940661e+01 5.344441e-05 
  71 1.834057e+01 5.344441e-05 
  72 1.688667e+01 5.344441e-05 
  73 1.478363e+01 5.344441e-05 
  74 1.325181e+01 5.344441e-05 
  75 1.216145e+01 5.344441e-05 
  76 1.129459e+01 5.344441e-05 
  77 1.042091e+01 5.344441e-05 
  78 9.322321e+00 5.344441e-05 
  79 8.161336e+00 5.344441e-05 
  80 7.074918e+00 5.344441e-05 
  81 6.212034e+00 5.344441e-05 
  82 5.536497e+00 5.344441e-05 
  83 4.980292e+00 5.344441e-05 
  84 4.498590e+00 5.344441e-05 
  85 4.129968e+00 5.344441e-05 
  86 3.830452e+00 5.344441e-05 
  87 3.374809e+00 5.344441e-05 
  88 2.861249e+00 5.344441e-05 
  89 2.472969e+00 5.344441e-05 
  90 2.136928e+00 5.344441e-05 
  91 1.832732e+00 5.344441e-05 
  92 1.580775e+00 5.344441e-05 
  93 1.352024e+00 5.344441e-05 
  94 1.141288e+00 5.344441e-05 
  95 1.029593e+00 5.344441e-05 
  96 9.493894e-01 5.344441e-05 
  97 8.344245e-01 5.344441e-05 
  98 7.577869e-01 5.344441e-05 
  99 6.858249e-01 5.344441e-05 
  100 6.354031e-01 5.344441e-05 
  101 5.958330e-01 5.344441e-05 
  102 5.600425e-01 5.344441e-05 
  103 5.258676e-01 5.344441e-05 
  104 4.937533e-01 5.344441e-05 
  105 4.527166e-01 5.344441e-05 
  106 4.145647e-01 5.344441e-05 
  107 3.959527e-01 5.344441e-05 
  108 3.867052e-01 5.344441e-05 
  109 3.835676e-01 5.344441e-05 
  110 3.833021e-01 5.344441e-05 
  111 3.826362e-01 5.344441e-05 
  112 3.792274e-01 5.344441e-05 
  113 3.652140e-01 5.344441e-05 
  114 3.397388e-01 5.344441e-05 
  115 3.125762e-01 5.344441e-05 
  116 2.841073e-01 5.344441e-05 
  117 2.532927e-01 5.344441e-05 
  118 2.136077e-01 5.344441e-05 
  119 1.861192e-01 5.344441e-05 
  120 1.685685e-01 5.344441e-05 
  121 1.532386e-01 5.344441e-05 
  122 1.410772e-01 5.344441e-05 
  123 1.285791e-01 5.344441e-05 
  124 1.168062e-01 5.344441e-05 
  125 1.093084e-01 5.344441e-05 
  126 1.032497e-01 5.344441e-05 
  127 9.629880e-02 5.344441e-05 
  128 8.392682e-02 5.344441e-05 
  129 6.999324e-02 5.344441e-05 
  130 6.139521e-02 5.344441e-05 
  131 5.609198e-02 5.344441e-05 
  132 5.230775e-02 5.344441e-05 
  133 4.972041e-02 5.344441e-05 
  134 4.754063e-02 5.344441e-05 
  135 4.508579e-02 5.344441e-05 
  136 4.350345e-02 5.344441e-05 
  137 4.240128e-02 5.344441e-05 
  138 4.101054e-02 5.344441e-05 
  139 3.961417e-02 5.344441e-05 
  140 3.873615e-02 5.344441e-05 
  141 3.765269e-02 5.344441e-05 
  142 3.655476e-02 5.344441e-05 
  143 3.460681e-02 5.344441e-05 
  144 3.227330e-02 5.344441e-05 
  145 3.008526e-02 5.344441e-05 
  146 2.881606e-02 5.344441e-05 
  147 2.742385e-02 5.344441e-05 
  148 2.555962e-02 5.344441e-05 
  149 2.364852e-02 5.344441e-05 
  150 2.205213e-02 5.344441e-05 
  151 2.042794e-02 5.344441e-05 
  152 1.922397e-02 5.344441e-05 
  153 1.852967e-02 5.344441e-05 
  154 1.740902e-02 5.344441e-05 
  155 1.586128e-02 5.344441e-05 
  156 1.452752e-02 5.344441e-05 
  157 1.340409e-02 5.344441e-05 
  158 1.263155e-02 5.344441e-05 
  159 1.181608e-02 5.344441e-05 
  160 1.110339e-02 5.344441e-05 
  161 1.021708e-02 5.344441e-05 
  162 9.375307e-03 5.344441e-05 
  163 8.935959e-03 5.344441e-05 
  164 8.612775e-03 5.344441e-05 
  165 8.371007e-03 5.344441e-05 
  166 8.001550e-03 5.344441e-05 
  167 7.697176e-03 5.344441e-05 
  168 7.332667e-03 5.344441e-05 
  169 7.051361e-03 5.344441e-05 
  170 6.835255e-03 5.344441e-05 
  171 6.661737e-03 5.344441e-05 
  172 6.492936e-03 5.344441e-05 
  173 6.355380e-03 5.344441e-05 
  174 6.227311e-03 5.344441e-05 
  175 6.048658e-03 5.344441e-05 
  176 5.820666e-03 5.344441e-05 
  177 5.642524e-03 5.344441e-05 
  178 5.477469e-03 5.344441e-05 
  179 5.309434e-03 5.344441e-05 
  180 5.144648e-03 5.344441e-05 
  181 4.959655e-03 5.344441e-05 
  182 4.765518e-03 5.344441e-05 
  183 4.571289e-03 5.344441e-05 
  184 4.420916e-03 5.344441e-05 
  185 4.340061e-03 5.344441e-05 
  186 4.227392e-03 5.344441e-05 
  187 3.993330e-03 5.344441e-05 
  188 3.532689e-03 5.344441e-05 
  189 3.117816e-03 5.344441e-05 
  190 2.715085e-03 5.344441e-05 
  191 2.382658e-03 5.344441e-05 
  192 2.132567e-03 5.344441e-05 
  193 1.960605e-03 5.344441e-05 
  194 1.823194e-03 5.344441e-05 
  195 1.584176e-03 5.344441e-05 
  196 1.285397e-03 5.344441e-05 
  197 1.070570e-03 5.344441e-05 
  198 9.135910e-04 5.344441e-05 
  199 7.882099e-04 5.344441e-05 
  200 6.871364e-04 5.344441e-05 
  201 6.047283e-04 5.344441e-05 
  202 5.489744e-04 5.344441e-05 
  203 5.023175e-04 5.344441e-05 
  204 4.559056e-04 5.344441e-05 
  205 3.911341e-04 5.344441e-05 
  206 3.083456e-04 5.344441e-05 
  207 2.443541e-04 5.344441e-05 
  208 1.942994e-04 5.344441e-05 
  209 1.592939e-04 5.344441e-05 
  210 1.375708e-04 5.344441e-05 
  211 1.191773e-04 5.344441e-05 
  212 1.026632e-04 5.344441e-05 
  213 9.011907e-05 5.344441e-05 
  214 8.032231e-05 5.344441e-05 
  215 7.225974e-05 5.344441e-05 
  216 6.686204e-05 5.344441e-05 
  217 6.079036e-05 5.344441e-05 
  218 5.249987e-05 5.344441e-05 
Wrote solution 1 to './results/naca_sens.pres'

Reading optimal pressure distribution from ./results/naca_steady.pres
Read solution 0 from './results/naca_steady.pres'
Read solution 2 from './sdesign/naca_sowered.der'
Gmres(2000) iterations:
  0 1.899306e+06 1.513094e-04 (1.000000e-10)  
  1 3.046714e+05 1.513094e-04 
  2 1.171751e+05 1.513094e-04 
  3 5.344500e+04 1.513094e-04 
  4 3.452335e+04 1.513094e-04 
  5 3.102859e+04 1.513094e-04 
  6 2.906541e+04 1.513094e-04 
  7 2.834038e+04 1.513094e-04 
  8 2.735134e+04 1.513094e-04 
  9 2.579146e+04 1.513094e-04 
  10 2.300081e+04 1.513094e-04 
  11 1.972759e+04 1.513094e-04 
  12 1.645955e+04 1.513094e-04 
  13 1.440084e+04 1.513094e-04 
  14 1.249564e+04 1.513094e-04 
  15 1.128389e+04 1.513094e-04 
  16 9.801813e+03 1.513094e-04 
  17 8.414461e+03 1.513094e-04 
  18 7.752596e+03 1.513094e-04 
  19 7.402198e+03 1.513094e-04 
  20 6.467707e+03 1.513094e-04 
  21 4.973768e+03 1.513094e-04 
  22 3.608931e+03 1.513094e-04 
  23 3.246975e+03 1.513094e-04 
  24 3.042480e+03 1.513094e-04 
  25 2.658392e+03 1.513094e-04 
  26 2.395452e+03 1.513094e-04 
  27 2.245917e+03 1.513094e-04 
  28 2.197377e+03 1.513094e-04 
  29 2.081694e+03 1.513094e-04 
  30 1.902361e+03 1.513094e-04 
  31 1.773923e+03 1.513094e-04 
  32 1.676493e+03 1.513094e-04 
  33 1.584168e+03 1.513094e-04 
  34 1.470803e+03 1.513094e-04 
  35 1.408149e+03 1.513094e-04 
  36 1.309268e+03 1.513094e-04 
  37 1.195336e+03 1.513094e-04 
  38 1.101931e+03 1.513094e-04 
  39 1.002354e+03 1.513094e-04 
  40 9.178880e+02 1.513094e-04 
  41 8.621568e+02 1.513094e-04 
  42 8.375720e+02 1.513094e-04 
  43 8.201132e+02 1.513094e-04 
  44 7.807792e+02 1.513094e-04 
  45 7.474614e+02 1.513094e-04 
  46 6.765723e+02 1.513094e-04 
  47 6.030502e+02 1.513094e-04 
  48 5.389931e+02 1.513094e-04 
  49 4.965562e+02 1.513094e-04 
  50 4.595863e+02 1.513094e-04 
  51 4.255071e+02 1.513094e-04 
  52 3.864418e+02 1.513094e-04 
  53 3.456830e+02 1.513094e-04 
  54 3.170827e+02 1.513094e-04 
  55 2.952236e+02 1.513094e-04 
  56 2.760918e+02 1.513094e-04 
  57 2.558906e+02 1.513094e-04 
  58 2.294233e+02 1.513094e-04 
  59 2.158681e+02 1.513094e-04 
  60 2.138067e+02 1.513094e-04 
  61 2.109869e+02 1.513094e-04 
  62 2.002433e+02 1.513094e-04 
  63 1.790075e+02 1.513094e-04 
  64 1.553220e+02 1.513094e-04 
  65 1.437747e+02 1.513094e-04 
  66 1.371265e+02 1.513094e-04 
  67 1.319584e+02 1.513094e-04 
  68 1.246125e+02 1.513094e-04 
  69 1.165770e+02 1.513094e-04 
  70 1.073848e+02 1.513094e-04 
  71 9.848187e+01 1.513094e-04 
  72 9.316068e+01 1.513094e-04 
  73 8.772877e+01 1.513094e-04 
  74 8.189276e+01 1.513094e-04 
  75 7.590146e+01 1.513094e-04 
  76 6.857225e+01 1.513094e-04 
  77 6.236671e+01 1.513094e-04 
  78 5.874989e+01 1.513094e-04 
  79 5.758361e+01 1.513094e-04 
  80 5.658342e+01 1.513094e-04 
  81 5.463651e+01 1.513094e-04 
  82 5.175392e+01 1.513094e-04 
  83 4.782183e+01 1.513094e-04 
  84 4.328049e+01 1.513094e-04 
  85 3.763341e+01 1.513094e-04 
  86 3.251213e+01 1.513094e-04 
  87 2.980414e+01 1.513094e-04 
  88 2.708471e+01 1.513094e-04 
  89 2.494471e+01 1.513094e-04 
  90 2.304477e+01 1.513094e-04 
  91 2.153289e+01 1.513094e-04 
  92 1.975041e+01 1.513094e-04 
  93 1.808585e+01 1.513094e-04 
  94 1.646840e+01 1.513094e-04 
  95 1.516821e+01 1.513094e-04 
  96 1.397008e+01 1.513094e-04 
  97 1.245137e+01 1.513094e-04 
  98 1.092801e+01 1.513094e-04 
  99 9.469051e+00 1.513094e-04 
  100 7.878862e+00 1.513094e-04 
  101 6.484005e+00 1.513094e-04 
  102 5.604728e+00 1.513094e-04 
  103 5.030036e+00 1.513094e-04 
  104 4.582971e+00 1.513094e-04 
  105 4.102017e+00 1.513094e-04 
  106 3.550273e+00 1.513094e-04 
  107 3.035760e+00 1.513094e-04 
  108 2.652951e+00 1.513094e-04 
  109 2.442810e+00 1.513094e-04 
  110 2.253207e+00 1.513094e-04 
  111 2.082198e+00 1.513094e-04 
  112 1.848855e+00 1.513094e-04 
  113 1.623709e+00 1.513094e-04 
  114 1.421780e+00 1.513094e-04 
  115 1.267015e+00 1.513094e-04 
  116 1.183733e+00 1.513094e-04 
  117 1.141439e+00 1.513094e-04 
  118 1.087901e+00 1.513094e-04 
  119 1.031655e+00 1.513094e-04 
  120 9.578420e-01 1.513094e-04 
  121 8.881589e-01 1.513094e-04 
  122 8.297561e-01 1.513094e-04 
  123 7.739742e-01 1.513094e-04 
  124 7.253143e-01 1.513094e-04 
  125 6.758552e-01 1.513094e-04 
  126 6.399944e-01 1.513094e-04 
  127 6.018482e-01 1.513094e-04 
  128 5.695826e-01 1.513094e-04 
  129 5.317989e-01 1.513094e-04 
  130 4.982312e-01 1.513094e-04 
  131 4.501635e-01 1.513094e-04 
  132 4.030972e-01 1.513094e-04 
  133 3.703176e-01 1.513094e-04 
  134 3.382786e-01 1.513094e-04 
  135 3.114405e-01 1.513094e-04 
  136 2.833216e-01 1.513094e-04 
  137 2.643392e-01 1.513094e-04 
  138 2.542139e-01 1.513094e-04 
  139 2.393035e-01 1.513094e-04 
  140 2.244474e-01 1.513094e-04 
  141 2.127799e-01 1.513094e-04 
  142 1.962858e-01 1.513094e-04 
  143 1.845486e-01 1.513094e-04 
  144 1.783895e-01 1.513094e-04 
  145 1.720023e-01 1.513094e-04 
  146 1.631943e-01 1.513094e-04 
  147 1.495737e-01 1.513094e-04 
  148 1.344887e-01 1.513094e-04 
  149 1.216256e-01 1.513094e-04 
  150 1.076400e-01 1.513094e-04 
  151 9.586073e-02 1.513094e-04 
  152 8.590894e-02 1.513094e-04 
  153 7.630533e-02 1.513094e-04 
  154 7.008045e-02 1.513094e-04 
  155 6.528399e-02 1.513094e-04 
  156 6.227809e-02 1.513094e-04 
  157 6.053799e-02 1.513094e-04 
  158 5.813049e-02 1.513094e-04 
  159 5.430916e-02 1.513094e-04 
  160 4.961751e-02 1.513094e-04 
  161 4.605977e-02 1.513094e-04 
  162 4.300915e-02 1.513094e-04 
  163 4.121106e-02 1.513094e-04 
  164 4.062442e-02 1.513094e-04 
  165 4.052919e-02 1.513094e-04 
  166 4.044640e-02 1.513094e-04 
  167 4.042419e-02 1.513094e-04 
  168 4.013810e-02 1.513094e-04 
  169 3.925218e-02 1.513094e-04 
  170 3.798267e-02 1.513094e-04 
  171 3.732256e-02 1.513094e-04 
  172 3.651896e-02 1.513094e-04 
  173 3.553828e-02 1.513094e-04 
  174 3.435378e-02 1.513094e-04 
  175 3.355616e-02 1.513094e-04 
  176 3.278839e-02 1.513094e-04 
  177 3.217475e-02 1.513094e-04 
  178 3.143892e-02 1.513094e-04 
  179 2.994882e-02 1.513094e-04 
  180 2.827013e-02 1.513094e-04 
  181 2.614048e-02 1.513094e-04 
  182 2.304612e-02 1.513094e-04 
  183 2.040129e-02 1.513094e-04 
  184 1.832276e-02 1.513094e-04 
  185 1.667654e-02 1.513094e-04 
  186 1.501745e-02 1.513094e-04 
  187 1.325802e-02 1.513094e-04 
  188 1.137894e-02 1.513094e-04 
  189 9.957487e-03 1.513094e-04 
  190 8.888586e-03 1.513094e-04 
  191 8.044773e-03 1.513094e-04 
  192 6.795568e-03 1.513094e-04 
  193 5.611544e-03 1.513094e-04 
  194 4.598167e-03 1.513094e-04 
  195 3.877134e-03 1.513094e-04 
  196 3.272356e-03 1.513094e-04 
  197 2.765902e-03 1.513094e-04 
  198 2.334915e-03 1.513094e-04 
  199 1.938921e-03 1.513094e-04 
  200 1.679712e-03 1.513094e-04 
  201 1.510959e-03 1.513094e-04 
  202 1.355661e-03 1.513094e-04 
  203 1.207835e-03 1.513094e-04 
  204 1.046605e-03 1.513094e-04 
  205 8.682373e-04 1.513094e-04 
  206 7.151291e-04 1.513094e-04 
  207 6.082014e-04 1.513094e-04 
  208 5.316301e-04 1.513094e-04 
  209 4.712172e-04 1.513094e-04 
  210 3.922854e-04 1.513094e-04 
  211 3.274578e-04 1.513094e-04 
  212 2.787508e-04 1.513094e-04 
  213 2.388356e-04 1.513094e-04 
  214 2.053097e-04 1.513094e-04 
  215 1.786910e-04 1.513094e-04 
  216 1.555465e-04 1.513094e-04 
  217 1.360846e-04 1.513094e-04 
Wrote solution 2 to './results/naca_sens.pres'

Reading optimal pressure distribution from ./results/naca_steady.pres
Read solution 0 from './results/naca_steady.pres'
Read solution 3 from './sdesign/naca_sowered.der'
Gmres(2000) iterations:
  0 2.884015e+06 1.516218e-04 (1.000000e-10)  
  1 4.473018e+05 1.516218e-04 
  2 1.706924e+05 1.516218e-04 
  3 7.929394e+04 1.516218e-04 
  4 5.188495e+04 1.516218e-04 
  5 4.450785e+04 1.516218e-04 
  6 4.028194e+04 1.516218e-04 
  7 3.916650e+04 1.516218e-04 
  8 3.772403e+04 1.516218e-04 
  9 3.587627e+04 1.516218e-04 
  10 3.294732e+04 1.516218e-04 
  11 2.842258e+04 1.516218e-04 
  12 2.199620e+04 1.516218e-04 
  13 1.841262e+04 1.516218e-04 
  14 1.484618e+04 1.516218e-04 
  15 1.300938e+04 1.516218e-04 
  16 1.099277e+04 1.516218e-04 
  17 9.055944e+03 1.516218e-04 
  18 7.576255e+03 1.516218e-04 
  19 6.556196e+03 1.516218e-04 
  20 5.000560e+03 1.516218e-04 
  21 3.859581e+03 1.516218e-04 
  22 2.923278e+03 1.516218e-04 
  23 2.644131e+03 1.516218e-04 
  24 2.478124e+03 1.516218e-04 
  25 2.182580e+03 1.516218e-04 
  26 1.871297e+03 1.516218e-04 
  27 1.634751e+03 1.516218e-04 
  28 1.477639e+03 1.516218e-04 
  29 1.276372e+03 1.516218e-04 
  30 1.112469e+03 1.516218e-04 
  31 1.030944e+03 1.516218e-04 
  32 9.729176e+02 1.516218e-04 
  33 9.394360e+02 1.516218e-04 
  34 8.970809e+02 1.516218e-04 
  35 8.280116e+02 1.516218e-04 
  36 7.549639e+02 1.516218e-04 
  37 6.730915e+02 1.516218e-04 
  38 6.088869e+02 1.516218e-04 
  39 5.492408e+02 1.516218e-04 
  40 4.985424e+02 1.516218e-04 
  41 4.709868e+02 1.516218e-04 
  42 4.513122e+02 1.516218e-04 
  43 4.179059e+02 1.516218e-04 
  44 3.776894e+02 1.516218e-04 
  45 3.431408e+02 1.516218e-04 
  46 3.129817e+02 1.516218e-04 
  47 2.703605e+02 1.516218e-04 
  48 2.391175e+02 1.516218e-04 
  49 2.217570e+02 1.516218e-04 
  50 2.020536e+02 1.516218e-04 
  51 1.850344e+02 1.516218e-04 
  52 1.690851e+02 1.516218e-04 
  53 1.527902e+02 1.516218e-04 
  54 1.402481e+02 1.516218e-04 
  55 1.326686e+02 1.516218e-04 
  56 1.274700e+02 1.516218e-04 
  57 1.212701e+02 1.516218e-04 
  58 1.105509e+02 1.516218e-04 
  59 9.918089e+01 1.516218e-04 
  60 8.828262e+01 1.516218e-04 
  61 8.168357e+01 1.516218e-04 
  62 7.595186e+01 1.516218e-04 
  63 7.085030e+01 1.516218e-04 
  64 6.605719e+01 1.516218e-04 
  65 6.288154e+01 1.516218e-04 
  66 5.991234e+01 1.516218e-04 
  67 5.451001e+01 1.516218e-04 
  68 4.778716e+01 1.516218e-04 
  69 4.329664e+01 1.516218e-04 
  70 3.998302e+01 1.516218e-04 
  71 3.554423e+01 1.516218e-04 
  72 3.165995e+01 1.516218e-04 
  73 2.900911e+01 1.516218e-04 
  74 2.576329e+01 1.516218e-04 
  75 2.350663e+01 1.516218e-04 
  76 2.126572e+01 1.516218e-04 
  77 1.950988e+01 1.516218e-04 
  78 1.816679e+01 1.516218e-04 
  79 1.654863e+01 1.516218e-04 
  80 1.499877e+01 1.516218e-04 
  81 1.346464e+01 1.516218e-04 
  82 1.164740e+01 1.516218e-04 
  83 1.050481e+01 1.516218e-04 
  84 9.690328e+00 1.516218e-04 
  85 8.909582e+00 1.516218e-04 
  86 7.912678e+00 1.516218e-04 
  87 7.003409e+00 1.516218e-04 
  88 6.111731e+00 1.516218e-04 
  89 5.245675e+00 1.516218e-04 
  90 4.235090e+00 1.516218e-04 
  91 3.527851e+00 1.516218e-04 
  92 3.073696e+00 1.516218e-04 
  93 2.737080e+00 1.516218e-04 
  94 2.407764e+00 1.516218e-04 
  95 2.136509e+00 1.516218e-04 
  96 1.857707e+00 1.516218e-04 
  97 1.517243e+00 1.516218e-04 
  98 1.278053e+00 1.516218e-04 
  99 1.137213e+00 1.516218e-04 
  100 1.001079e+00 1.516218e-04 
  101 8.833957e-01 1.516218e-04 
  102 7.987682e-01 1.516218e-04 
  103 7.190978e-01 1.516218e-04 
  104 6.578798e-01 1.516218e-04 
  105 6.242326e-01 1.516218e-04 
  106 5.723688e-01 1.516218e-04 
  107 5.118608e-01 1.516218e-04 
  108 4.355562e-01 1.516218e-04 
  109 3.815946e-01 1.516218e-04 
  110 3.390944e-01 1.516218e-04 
  111 3.051736e-01 1.516218e-04 
  112 2.801058e-01 1.516218e-04 
  113 2.515568e-01 1.516218e-04 
  114 2.282689e-01 1.516218e-04 
  115 2.139887e-01 1.516218e-04 
  116 2.052697e-01 1.516218e-04 
  117 1.958411e-01 1.516218e-04 
  118 1.859327e-01 1.516218e-04 
  119 1.753763e-01 1.516218e-04 
  120 1.659614e-01 1.516218e-04 
  121 1.540780e-01 1.516218e-04 
  122 1.440754e-01 1.516218e-04 
  123 1.366596e-01 1.516218e-04 
  124 1.297897e-01 1.516218e-04 
  125 1.245964e-01 1.516218e-04 
  126 1.207923e-01 1.516218e-04 
  127 1.176699e-01 1.516218e-04 
  128 1.126870e-01 1.516218e-04 
  129 1.063056e-01 1.516218e-04 
  130 9.970969e-02 1.516218e-04 
  131 9.477674e-02 1.516218e-04 
  132 9.297749e-02 1.516218e-04 
  133 9.245294e-02 1.516218e-04 
  134 9.187192e-02 1.516218e-04 
  135 9.015888e-02 1.516218e-04 
  136 8.754274e-02 1.516218e-04 
  137 8.557093e-02 1.516218e-04 
  138 8.386409e-02 1.516218e-04 
  139 8.249462e-02 1.516218e-04 
  140 8.076913e-02 1.516218e-04 
  141 7.940475e-02 1.516218e-04 
  142 7.820966e-02 1.516218e-04 
  143 7.719418e-02 1.516218e-04 
  144 7.642511e-02 1.516218e-04 
  145 7.624575e-02 1.516218e-04 
  146 7.611033e-02 1.516218e-04 
  147 7.561062e-02 1.516218e-04 
  148 7.509083e-02 1.516218e-04 
  149 7.394288e-02 1.516218e-04 
  150 7.277799e-02 1.516218e-04 
  151 6.977156e-02 1.516218e-04 
  152 6.730446e-02 1.516218e-04 
  153 6.547446e-02 1.516218e-04 
  154 6.487458e-02 1.516218e-04 
  155 6.286272e-02 1.516218e-04 
  156 6.054450e-02 1.516218e-04 
  157 5.862048e-02 1.516218e-04 
  158 5.602591e-02 1.516218e-04 
  159 5.023841e-02 1.516218e-04 
  160 4.416799e-02 1.516218e-04 
  161 4.091231e-02 1.516218e-04 
  162 3.909691e-02 1.516218e-04 
  163 3.759307e-02 1.516218e-04 
  164 3.660703e-02 1.516218e-04 
  165 3.597618e-02 1.516218e-04 
  166 3.516288e-02 1.516218e-04 
  167 3.438651e-02 1.516218e-04 
  168 3.361262e-02 1.516218e-04 
  169 3.200301e-02 1.516218e-04 
  170 3.003755e-02 1.516218e-04 
  171 2.871742e-02 1.516218e-04 
  172 2.705653e-02 1.516218e-04 
  173 2.500761e-02 1.516218e-04 
  174 2.295526e-02 1.516218e-04 
  175 2.130861e-02 1.516218e-04 
  176 1.929804e-02 1.516218e-04 
  177 1.808160e-02 1.516218e-04 
  178 1.705881e-02 1.516218e-04 
  179 1.587990e-02 1.516218e-04 
  180 1.474701e-02 1.516218e-04 
  181 1.329003e-02 1.516218e-04 
  182 1.130857e-02 1.516218e-04 
  183 1.008346e-02 1.516218e-04 
  184 9.045733e-03 1.516218e-04 
  185 8.004543e-03 1.516218e-04 
  186 7.203802e-03 1.516218e-04 
  187 6.859733e-03 1.516218e-04 
  188 6.313595e-03 1.516218e-04 
  189 5.719596e-03 1.516218e-04 
  190 5.234277e-03 1.516218e-04 
  191 4.820257e-03 1.516218e-04 
  192 4.527557e-03 1.516218e-04 
  193 4.350248e-03 1.516218e-04 
  194 4.125697e-03 1.516218e-04 
  195 3.757547e-03 1.516218e-04 
  196 3.350022e-03 1.516218e-04 
  197 2.944358e-03 1.516218e-04 
  198 2.687139e-03 1.516218e-04 
  199 2.311253e-03 1.516218e-04 
  200 1.946628e-03 1.516218e-04 
  201 1.683223e-03 1.516218e-04 
  202 1.447565e-03 1.516218e-04 
  203 1.225378e-03 1.516218e-04 
  204 9.974345e-04 1.516218e-04 
  205 8.256790e-04 1.516218e-04 
  206 6.882035e-04 1.516218e-04 
  207 5.881116e-04 1.516218e-04 
  208 5.306858e-04 1.516218e-04 
  209 4.817500e-04 1.516218e-04 
  210 4.323433e-04 1.516218e-04 
  211 3.864262e-04 1.516218e-04 
  212 3.469205e-04 1.516218e-04 
  213 3.008452e-04 1.516218e-04 
  214 2.495256e-04 1.516218e-04 
  215 2.083217e-04 1.516218e-04 
  216 1.810189e-04 1.516218e-04 
  217 1.595116e-04 1.516218e-04 
  218 1.392389e-04 1.516218e-04 
Wrote solution 3 to './results/naca_sens.pres'

Reading optimal pressure distribution from ./results/naca_steady.pres
Read solution 0 from './results/naca_steady.pres'
Read solution 4 from './sdesign/naca_sowered.der'
Gmres(2000) iterations:
  0 1.317533e+06 6.477849e-05 (1.000000e-10)  
  1 1.774594e+05 6.477849e-05 
  2 6.894513e+04 6.477849e-05 
  3 3.415731e+04 6.477849e-05 
  4 2.399493e+04 6.477849e-05 
  5 2.099487e+04 6.477849e-05 
  6 1.940589e+04 6.477849e-05 
  7 1.888060e+04 6.477849e-05 
  8 1.818954e+04 6.477849e-05 
  9 1.743660e+04 6.477849e-05 
  10 1.576816e+04 6.477849e-05 
  11 1.351896e+04 6.477849e-05 
  12 1.240648e+04 6.477849e-05 
  13 1.211139e+04 6.477849e-05 
  14 1.183794e+04 6.477849e-05 
  15 1.156924e+04 6.477849e-05 
  16 1.127461e+04 6.477849e-05 
  17 1.097392e+04 6.477849e-05 
  18 1.043104e+04 6.477849e-05 
  19 9.621335e+03 6.477849e-05 
  20 8.522553e+03 6.477849e-05 
  21 8.266308e+03 6.477849e-05 
  22 8.098338e+03 6.477849e-05 
  23 7.723172e+03 6.477849e-05 
  24 7.233051e+03 6.477849e-05 
  25 6.600688e+03 6.477849e-05 
  26 6.066059e+03 6.477849e-05 
  27 5.679355e+03 6.477849e-05 
  28 5.332786e+03 6.477849e-05 
  29 4.955032e+03 6.477849e-05 
  30 4.199993e+03 6.477849e-05 
  31 3.419649e+03 6.477849e-05 
  32 3.179286e+03 6.477849e-05 
  33 2.980070e+03 6.477849e-05 
  34 2.681988e+03 6.477849e-05 
  35 2.420957e+03 6.477849e-05 
  36 2.197242e+03 6.477849e-05 
  37 2.021071e+03 6.477849e-05 
  38 1.932423e+03 6.477849e-05 
  39 1.845081e+03 6.477849e-05 
  40 1.784826e+03 6.477849e-05 
  41 1.686924e+03 6.477849e-05 
  42 1.515082e+03 6.477849e-05 
  43 1.345469e+03 6.477849e-05 
  44 1.234228e+03 6.477849e-05 
  45 1.121864e+03 6.477849e-05 
  46 9.950049e+02 6.477849e-05 
  47 9.129790e+02 6.477849e-05 
  48 8.512786e+02 6.477849e-05 
  49 8.013746e+02 6.477849e-05 
  50 7.745782e+02 6.477849e-05 
  51 7.269186e+02 6.477849e-05 
  52 6.409540e+02 6.477849e-05 
  53 5.706913e+02 6.477849e-05 
  54 5.277399e+02 6.477849e-05 
  55 4.914713e+02 6.477849e-05 
  56 4.701803e+02 6.477849e-05 
  57 4.627777e+02 6.477849e-05 
  58 4.454020e+02 6.477849e-05 
  59 4.281259e+02 6.477849e-05 
  60 4.063509e+02 6.477849e-05 
  61 3.682040e+02 6.477849e-05 
  62 3.420688e+02 6.477849e-05 
  63 3.077867e+02 6.477849e-05 
  64 2.830776e+02 6.477849e-05 
  65 2.620630e+02 6.477849e-05 
  66 2.405176e+02 6.477849e-05 
  67 2.264741e+02 6.477849e-05 
  68 2.104075e+02 6.477849e-05 
  69 1.989613e+02 6.477849e-05 
  70 1.890009e+02 6.477849e-05 
  71 1.777600e+02 6.477849e-05 
  72 1.674034e+02 6.477849e-05 
  73 1.510803e+02 6.477849e-05 
  74 1.413231e+02 6.477849e-05 
  75 1.313272e+02 6.477849e-05 
  76 1.189126e+02 6.477849e-05 
  77 1.067602e+02 6.477849e-05 
  78 9.852196e+01 6.477849e-05 
  79 9.029392e+01 6.477849e-05 
  80 8.448383e+01 6.477849e-05 
  81 8.236124e+01 6.477849e-05 
  82 8.014144e+01 6.477849e-05 
  83 7.513202e+01 6.477849e-05 
  84 6.350204e+01 6.477849e-05 
  85 5.385532e+01 6.477849e-05 
  86 4.870063e+01 6.477849e-05 
  87 4.567633e+01 6.477849e-05 
  88 4.226301e+01 6.477849e-05 
  89 3.874881e+01 6.477849e-05 
  90 3.463107e+01 6.477849e-05 
  91 3.101550e+01 6.477849e-05 
  92 2.855612e+01 6.477849e-05 
  93 2.596112e+01 6.477849e-05 
  94 2.240258e+01 6.477849e-05 
  95 1.877202e+01 6.477849e-05 
  96 1.550718e+01 6.477849e-05 
  97 1.369863e+01 6.477849e-05 
  98 1.251672e+01 6.477849e-05 
  99 1.123251e+01 6.477849e-05 
  100 9.781067e+00 6.477849e-05 
  101 8.398214e+00 6.477849e-05 
  102 7.098057e+00 6.477849e-05 
  103 5.899911e+00 6.477849e-05 
  104 4.978259e+00 6.477849e-05 
  105 4.357798e+00 6.477849e-05 
  106 3.949842e+00 6.477849e-05 
  107 3.505962e+00 6.477849e-05 
  108 3.010029e+00 6.477849e-05 
  109 2.636167e+00 6.477849e-05 
  110 2.431322e+00 6.477849e-05 
  111 2.128368e+00 6.477849e-05 
  112 1.810997e+00 6.477849e-05 
  113 1.587112e+00 6.477849e-05 
  114 1.383223e+00 6.477849e-05 
  115 1.202451e+00 6.477849e-05 
  116 1.054136e+00 6.477849e-05 
  117 9.017873e-01 6.477849e-05 
  118 8.151169e-01 6.477849e-05 
  119 7.621437e-01 6.477849e-05 
  120 7.086982e-01 6.477849e-05 
  121 6.499420e-01 6.477849e-05 
  122 5.895250e-01 6.477849e-05 
  123 5.401109e-01 6.477849e-05 
  124 4.925818e-01 6.477849e-05 
  125 4.523866e-01 6.477849e-05 
  126 4.029342e-01 6.477849e-05 
  127 3.576775e-01 6.477849e-05 
  128 3.127774e-01 6.477849e-05 
  129 2.864559e-01 6.477849e-05 
  130 2.716793e-01 6.477849e-05 
  131 2.597253e-01 6.477849e-05 
  132 2.382777e-01 6.477849e-05 
  133 2.088354e-01 6.477849e-05 
  134 1.871838e-01 6.477849e-05 
  135 1.660178e-01 6.477849e-05 
  136 1.464786e-01 6.477849e-05 
  137 1.336870e-01 6.477849e-05 
  138 1.216108e-01 6.477849e-05 
  139 1.132143e-01 6.477849e-05 
  140 1.071128e-01 6.477849e-05 
  141 9.963945e-02 6.477849e-05 
  142 9.409332e-02 6.477849e-05 
  143 8.747026e-02 6.477849e-05 
  144 8.055379e-02 6.477849e-05 
  145 7.419628e-02 6.477849e-05 
  146 6.751013e-02 6.477849e-05 
  147 6.233308e-02 6.477849e-05 
  148 5.737435e-02 6.477849e-05 
  149 5.177621e-02 6.477849e-05 
  150 4.663270e-02 6.477849e-05 
  151 4.322152e-02 6.477849e-05 
  152 3.931882e-02 6.477849e-05 
  153 3.510841e-02 6.477849e-05 
  154 3.040517e-02 6.477849e-05 
  155 2.664677e-02 6.477849e-05 
  156 2.394327e-02 6.477849e-05 
  157 2.224696e-02 6.477849e-05 
  158 2.089826e-02 6.477849e-05 
  159 1.978373e-02 6.477849e-05 
  160 1.783183e-02 6.477849e-05 
  161 1.631712e-02 6.477849e-05 
  162 1.459588e-02 6.477849e-05 
  163 1.327285e-02 6.477849e-05 
  164 1.222587e-02 6.477849e-05 
  165 1.152211e-02 6.477849e-05 
  166 1.095755e-02 6.477849e-05 
  167 1.057572e-02 6.477849e-05 
  168 1.019812e-02 6.477849e-05 
  169 9.910993e-03 6.477849e-05 
  170 9.682969e-03 6.477849e-05 
  171 9.469938e-03 6.477849e-05 
  172 9.068150e-03 6.477849e-05 
  173 8.811634e-03 6.477849e-05 
  174 8.562496e-03 6.477849e-05 
  175 8.345531e-03 6.477849e-05 
  176 8.151650e-03 6.477849e-05 
  177 7.946686e-03 6.477849e-05 
  178 7.835334e-03 6.477849e-05 
  179 7.723724e-03 6.477849e-05 
  180 7.695133e-03 6.477849e-05 
  181 7.632520e-03 6.477849e-05 
  182 7.569828e-03 6.477849e-05 
  183 7.551813e-03 6.477849e-05 
  184 7.527119e-03 6.477849e-05 
  185 7.466859e-03 6.477849e-05 
  186 7.285301e-03 6.477849e-05 
  187 6.944499e-03 6.477849e-05 
  188 6.557148e-03 6.477849e-05 
  189 6.270269e-03 6.477849e-05 
  190 5.986937e-03 6.477849e-05 
  191 5.516806e-03 6.477849e-05 
  192 4.977743e-03 6.477849e-05 
  193 4.404962e-03 6.477849e-05 
  194 4.060104e-03 6.477849e-05 
  195 3.746572e-03 6.477849e-05 
  196 3.422721e-03 6.477849e-05 
  197 3.179859e-03 6.477849e-05 
  198 2.923163e-03 6.477849e-05 
  199 2.662352e-03 6.477849e-05 
  200 2.350578e-03 6.477849e-05 
  201 2.043712e-03 6.477849e-05 
  202 1.766285e-03 6.477849e-05 
  203 1.512379e-03 6.477849e-05 
  204 1.237549e-03 6.477849e-05 
  205 1.010153e-03 6.477849e-05 
  206 8.123253e-04 6.477849e-05 
  207 6.497722e-04 6.477849e-05 
  208 5.083639e-04 6.477849e-05 
  209 4.002146e-04 6.477849e-05 
  210 3.151216e-04 6.477849e-05 
  211 2.502725e-04 6.477849e-05 
  212 2.056033e-04 6.477849e-05 
  213 1.731049e-04 6.477849e-05 
  214 1.440520e-04 6.477849e-05 
  215 1.167001e-04 6.477849e-05 
  216 9.489798e-05 6.477849e-05 
  217 7.717814e-05 6.477849e-05 
  218 6.317490e-05 6.477849e-05 
Wrote solution 4 to './results/naca_sens.pres'

Reading optimal pressure distribution from ./results/naca_steady.pres
Read solution 0 from './results/naca_steady.pres'
Read solution 5 from './sdesign/naca_sowered.der'
Gmres(2000) iterations:
  0 9.493131e+05 6.475800e-05 (1.000000e-10)  
  1 1.455629e+05 6.475800e-05 
  2 5.560602e+04 6.475800e-05 
  3 2.591111e+04 6.475800e-05 
  4 1.839064e+04 6.475800e-05 
  5 1.713268e+04 6.475800e-05 
  6 1.655081e+04 6.475800e-05 
  7 1.624676e+04 6.475800e-05 
  8 1.555440e+04 6.475800e-05 
  9 1.450344e+04 6.475800e-05 
  10 1.273886e+04 6.475800e-05 
  11 1.046515e+04 6.475800e-05 
  12 7.905598e+03 6.475800e-05 
  13 6.592349e+03 6.475800e-05 
  14 5.753482e+03 6.475800e-05 
  15 5.111152e+03 6.475800e-05 
  16 4.465460e+03 6.475800e-05 
  17 4.045838e+03 6.475800e-05 
  18 3.675749e+03 6.475800e-05 
  19 3.206755e+03 6.475800e-05 
  20 2.847592e+03 6.475800e-05 
  21 2.645017e+03 6.475800e-05 
  22 2.365294e+03 6.475800e-05 
  23 2.158023e+03 6.475800e-05 
  24 2.029133e+03 6.475800e-05 
  25 1.865769e+03 6.475800e-05 
  26 1.713274e+03 6.475800e-05 
  27 1.601368e+03 6.475800e-05 
  28 1.546756e+03 6.475800e-05 
  29 1.434684e+03 6.475800e-05 
  30 1.347951e+03 6.475800e-05 
  31 1.253970e+03 6.475800e-05 
  32 1.124490e+03 6.475800e-05 
  33 9.885534e+02 6.475800e-05 
  34 8.963894e+02 6.475800e-05 
  35 8.414128e+02 6.475800e-05 
  36 7.889852e+02 6.475800e-05 
  37 7.221896e+02 6.475800e-05 
  38 6.727991e+02 6.475800e-05 
  39 6.402212e+02 6.475800e-05 
  40 6.016283e+02 6.475800e-05 
  41 5.426031e+02 6.475800e-05 
  42 4.983488e+02 6.475800e-05 
  43 4.462429e+02 6.475800e-05 
  44 4.012000e+02 6.475800e-05 
  45 3.518314e+02 6.475800e-05 
  46 3.178868e+02 6.475800e-05 
  47 2.938193e+02 6.475800e-05 
  48 2.712116e+02 6.475800e-05 
  49 2.512937e+02 6.475800e-05 
  50 2.223000e+02 6.475800e-05 
  51 1.967107e+02 6.475800e-05 
  52 1.759929e+02 6.475800e-05 
  53 1.612951e+02 6.475800e-05 
  54 1.494899e+02 6.475800e-05 
  55 1.351704e+02 6.475800e-05 
  56 1.227433e+02 6.475800e-05 
  57 1.093597e+02 6.475800e-05 
  58 9.291161e+01 6.475800e-05 
  59 8.126905e+01 6.475800e-05 
  60 7.159106e+01 6.475800e-05 
  61 6.321531e+01 6.475800e-05 
  62 5.564604e+01 6.475800e-05 
  63 4.948509e+01 6.475800e-05 
  64 4.438164e+01 6.475800e-05 
  65 4.003034e+01 6.475800e-05 
  66 3.638589e+01 6.475800e-05 
  67 3.332550e+01 6.475800e-05 
  68 3.196759e+01 6.475800e-05 
  69 3.097163e+01 6.475800e-05 
  70 3.015997e+01 6.475800e-05 
  71 2.828005e+01 6.475800e-05 
  72 2.582515e+01 6.475800e-05 
  73 2.305228e+01 6.475800e-05 
  74 2.061799e+01 6.475800e-05 
  75 1.837202e+01 6.475800e-05 
  76 1.645369e+01 6.475800e-05 
  77 1.533615e+01 6.475800e-05 
  78 1.464887e+01 6.475800e-05 
  79 1.426386e+01 6.475800e-05 
  80 1.380589e+01 6.475800e-05 
  81 1.313051e+01 6.475800e-05 
  82 1.216528e+01 6.475800e-05 
  83 1.119869e+01 6.475800e-05 
  84 9.936072e+00 6.475800e-05 
  85 8.503004e+00 6.475800e-05 
  86 7.229992e+00 6.475800e-05 
  87 6.344292e+00 6.475800e-05 
  88 5.893372e+00 6.475800e-05 
  89 5.575524e+00 6.475800e-05 
  90 5.166245e+00 6.475800e-05 
  91 4.852484e+00 6.475800e-05 
  92 4.485383e+00 6.475800e-05 
  93 4.057326e+00 6.475800e-05 
  94 3.477782e+00 6.475800e-05 
  95 2.933955e+00 6.475800e-05 
  96 2.573193e+00 6.475800e-05 
  97 2.234149e+00 6.475800e-05 
  98 2.062081e+00 6.475800e-05 
  99 1.947416e+00 6.475800e-05 
  100 1.886523e+00 6.475800e-05 
  101 1.841954e+00 6.475800e-05 
  102 1.763014e+00 6.475800e-05 
  103 1.627257e+00 6.475800e-05 
  104 1.374658e+00 6.475800e-05 
  105 1.182098e+00 6.475800e-05 
  106 1.060499e+00 6.475800e-05 
  107 9.978783e-01 6.475800e-05 
  108 9.409008e-01 6.475800e-05 
  109 8.710613e-01 6.475800e-05 
  110 7.896472e-01 6.475800e-05 
  111 7.313847e-01 6.475800e-05 
  112 6.871214e-01 6.475800e-05 
  113 6.436342e-01 6.475800e-05 
  114 6.137287e-01 6.475800e-05 
  115 5.815233e-01 6.475800e-05 
  116 5.469704e-01 6.475800e-05 
  117 4.932384e-01 6.475800e-05 
  118 4.479982e-01 6.475800e-05 
  119 4.216117e-01 6.475800e-05 
  120 4.036030e-01 6.475800e-05 
  121 3.868206e-01 6.475800e-05 
  122 3.754942e-01 6.475800e-05 
  123 3.579182e-01 6.475800e-05 
  124 3.416202e-01 6.475800e-05 
  125 3.252579e-01 6.475800e-05 
  126 3.026340e-01 6.475800e-05 
  127 2.808626e-01 6.475800e-05 
  128 2.576098e-01 6.475800e-05 
  129 2.334650e-01 6.475800e-05 
  130 2.198104e-01 6.475800e-05 
  131 2.061925e-01 6.475800e-05 
  132 1.877064e-01 6.475800e-05 
  133 1.664315e-01 6.475800e-05 
  134 1.493661e-01 6.475800e-05 
  135 1.348062e-01 6.475800e-05 
  136 1.201109e-01 6.475800e-05 
  137 1.094342e-01 6.475800e-05 
  138 9.811095e-02 6.475800e-05 
  139 8.714296e-02 6.475800e-05 
  140 7.471022e-02 6.475800e-05 
  141 6.405719e-02 6.475800e-05 
  142 5.583738e-02 6.475800e-05 
  143 4.939258e-02 6.475800e-05 
  144 4.256711e-02 6.475800e-05 
  145 3.620570e-02 6.475800e-05 
  146 3.366651e-02 6.475800e-05 
  147 3.147692e-02 6.475800e-05 
  148 3.000169e-02 6.475800e-05 
  149 2.862634e-02 6.475800e-05 
  150 2.713672e-02 6.475800e-05 
  151 2.483467e-02 6.475800e-05 
  152 2.302009e-02 6.475800e-05 
  153 2.168696e-02 6.475800e-05 
  154 2.095023e-02 6.475800e-05 
  155 2.050053e-02 6.475800e-05 
  156 1.997163e-02 6.475800e-05 
  157 1.927689e-02 6.475800e-05 
  158 1.768423e-02 6.475800e-05 
  159 1.639009e-02 6.475800e-05 
  160 1.441033e-02 6.475800e-05 
  161 1.324042e-02 6.475800e-05 
  162 1.228548e-02 6.475800e-05 
  163 1.148100e-02 6.475800e-05 
  164 1.061357e-02 6.475800e-05 
  165 1.011750e-02 6.475800e-05 
  166 9.595013e-03 6.475800e-05 
  167 8.897922e-03 6.475800e-05 
  168 8.196686e-03 6.475800e-05 
  169 7.640055e-03 6.475800e-05 
  170 7.112125e-03 6.475800e-05 
  171 6.453371e-03 6.475800e-05 
  172 5.715448e-03 6.475800e-05 
  173 5.285413e-03 6.475800e-05 
  174 4.902449e-03 6.475800e-05 
  175 4.529949e-03 6.475800e-05 
  176 4.189681e-03 6.475800e-05 
  177 3.878076e-03 6.475800e-05 
  178 3.609251e-03 6.475800e-05 
  179 3.313076e-03 6.475800e-05 
  180 3.018471e-03 6.475800e-05 
  181 2.754015e-03 6.475800e-05 
  182 2.565644e-03 6.475800e-05 
  183 2.482833e-03 6.475800e-05 
  184 2.436614e-03 6.475800e-05 
  185 2.425092e-03 6.475800e-05 
  186 2.420606e-03 6.475800e-05 
  187 2.408813e-03 6.475800e-05 
  188 2.387263e-03 6.475800e-05 
  189 2.363113e-03 6.475800e-05 
  190 2.326861e-03 6.475800e-05 
  191 2.266756e-03 6.475800e-05 
  192 2.156544e-03 6.475800e-05 
  193 2.027609e-03 6.475800e-05 
  194 1.897945e-03 6.475800e-05 
  195 1.723961e-03 6.475800e-05 
  196 1.547680e-03 6.475800e-05 
  197 1.388231e-03 6.475800e-05 
  198 1.261405e-03 6.475800e-05 
  199 1.113131e-03 6.475800e-05 
  200 9.826965e-04 6.475800e-05 
  201 8.671412e-04 6.475800e-05 
  202 7.624446e-04 6.475800e-05 
  203 6.680419e-04 6.475800e-05 
  204 5.640754e-04 6.475800e-05 
  205 4.683872e-04 6.475800e-05 
  206 3.907930e-04 6.475800e-05 
  207 3.352846e-04 6.475800e-05 
  208 2.858137e-04 6.475800e-05 
  209 2.398842e-04 6.475800e-05 
  210 2.020324e-04 6.475800e-05 
  211 1.753092e-04 6.475800e-05 
  212 1.583705e-04 6.475800e-05 
  213 1.398261e-04 6.475800e-05 
  214 1.240886e-04 6.475800e-05 
  215 1.092122e-04 6.475800e-05 
  216 9.237220e-05 6.475800e-05 
  217 7.919704e-05 6.475800e-05 
  218 6.777673e-05 6.475800e-05 
  219 5.883134e-05 6.475800e-05 
Wrote solution 5 to './results/naca_sens.pres'

Reading optimal pressure distribution from ./results/naca_steady.pres
Read solution 0 from './results/naca_steady.pres'
Read solution 6 from './sdesign/naca_sowered.der'
Gmres(2000) iterations:
  0 6.465411e+05 1.699304e-05 (1.000000e-10)  
  1 8.295054e+04 1.699304e-05 
  2 3.243883e+04 1.699304e-05 
  3 1.611188e+04 1.699304e-05 
  4 1.222747e+04 1.699304e-05 
  5 1.157736e+04 1.699304e-05 
  6 1.129906e+04 1.699304e-05 
  7 1.113375e+04 1.699304e-05 
  8 1.096753e+04 1.699304e-05 
  9 1.069729e+04 1.699304e-05 
  10 9.975901e+03 1.699304e-05 
  11 9.039550e+03 1.699304e-05 
  12 8.522866e+03 1.699304e-05 
  13 8.289735e+03 1.699304e-05 
  14 8.140104e+03 1.699304e-05 
  15 7.976637e+03 1.699304e-05 
  16 7.788553e+03 1.699304e-05 
  17 7.400766e+03 1.699304e-05 
  18 6.918289e+03 1.699304e-05 
  19 6.444544e+03 1.699304e-05 
  20 6.162908e+03 1.699304e-05 
  21 5.949947e+03 1.699304e-05 
  22 5.631794e+03 1.699304e-05 
  23 5.201668e+03 1.699304e-05 
  24 4.801625e+03 1.699304e-05 
  25 4.290893e+03 1.699304e-05 
  26 3.648292e+03 1.699304e-05 
  27 3.216969e+03 1.699304e-05 
  28 2.923221e+03 1.699304e-05 
  29 2.644478e+03 1.699304e-05 
  30 2.296879e+03 1.699304e-05 
  31 2.082455e+03 1.699304e-05 
  32 1.787004e+03 1.699304e-05 
  33 1.534320e+03 1.699304e-05 
  34 1.402745e+03 1.699304e-05 
  35 1.359012e+03 1.699304e-05 
  36 1.308825e+03 1.699304e-05 
  37 1.249139e+03 1.699304e-05 
  38 1.172100e+03 1.699304e-05 
  39 1.107893e+03 1.699304e-05 
  40 1.026039e+03 1.699304e-05 
  41 8.941705e+02 1.699304e-05 
  42 7.725252e+02 1.699304e-05 
  43 6.419345e+02 1.699304e-05 
  44 5.664684e+02 1.699304e-05 
  45 4.913352e+02 1.699304e-05 
  46 4.551509e+02 1.699304e-05 
  47 4.225996e+02 1.699304e-05 
  48 3.801430e+02 1.699304e-05 
  49 3.435078e+02 1.699304e-05 
  50 3.090314e+02 1.699304e-05 
  51 2.821816e+02 1.699304e-05 
  52 2.656879e+02 1.699304e-05 
  53 2.533779e+02 1.699304e-05 
  54 2.336722e+02 1.699304e-05 
  55 2.074952e+02 1.699304e-05 
  56 1.744110e+02 1.699304e-05 
  57 1.527279e+02 1.699304e-05 
  58 1.292822e+02 1.699304e-05 
  59 1.156053e+02 1.699304e-05 
  60 1.060680e+02 1.699304e-05 
  61 1.005294e+02 1.699304e-05 
  62 9.623896e+01 1.699304e-05 
  63 9.151498e+01 1.699304e-05 
  64 8.744064e+01 1.699304e-05 
  65 8.468022e+01 1.699304e-05 
  66 8.095029e+01 1.699304e-05 
  67 7.652053e+01 1.699304e-05 
  68 7.137071e+01 1.699304e-05 
  69 6.688296e+01 1.699304e-05 
  70 6.295676e+01 1.699304e-05 
  71 5.674010e+01 1.699304e-05 
  72 5.027633e+01 1.699304e-05 
  73 4.444216e+01 1.699304e-05 
  74 4.116321e+01 1.699304e-05 
  75 3.880920e+01 1.699304e-05 
  76 3.590650e+01 1.699304e-05 
  77 3.337485e+01 1.699304e-05 
  78 3.049950e+01 1.699304e-05 
  79 2.867450e+01 1.699304e-05 
  80 2.596467e+01 1.699304e-05 
  81 2.389680e+01 1.699304e-05 
  82 2.174201e+01 1.699304e-05 
  83 1.974475e+01 1.699304e-05 
  84 1.675191e+01 1.699304e-05 
  85 1.450622e+01 1.699304e-05 
  86 1.303668e+01 1.699304e-05 
  87 1.198937e+01 1.699304e-05 
  88 1.079683e+01 1.699304e-05 
  89 9.566831e+00 1.699304e-05 
  90 8.464909e+00 1.699304e-05 
  91 7.846726e+00 1.699304e-05 
  92 7.102486e+00 1.699304e-05 
  93 6.426301e+00 1.699304e-05 
  94 5.693299e+00 1.699304e-05 
  95 4.948116e+00 1.699304e-05 
  96 4.250777e+00 1.699304e-05 
  97 3.651377e+00 1.699304e-05 
  98 3.346855e+00 1.699304e-05 
  99 3.027495e+00 1.699304e-05 
  100 2.509760e+00 1.699304e-05 
  101 2.085779e+00 1.699304e-05 
  102 1.886669e+00 1.699304e-05 
  103 1.679299e+00 1.699304e-05 
  104 1.497591e+00 1.699304e-05 
  105 1.330087e+00 1.699304e-05 
  106 1.184353e+00 1.699304e-05 
  107 1.019103e+00 1.699304e-05 
  108 8.935522e-01 1.699304e-05 
  109 8.060131e-01 1.699304e-05 
  110 7.285324e-01 1.699304e-05 
  111 6.667255e-01 1.699304e-05 
  112 6.287523e-01 1.699304e-05 
  113 5.705354e-01 1.699304e-05 
  114 5.299158e-01 1.699304e-05 
  115 5.002643e-01 1.699304e-05 
  116 4.741571e-01 1.699304e-05 
  117 4.435072e-01 1.699304e-05 
  118 4.048621e-01 1.699304e-05 
  119 3.699492e-01 1.699304e-05 
  120 3.456776e-01 1.699304e-05 
  121 3.270905e-01 1.699304e-05 
  122 3.097468e-01 1.699304e-05 
  123 2.962864e-01 1.699304e-05 
  124 2.735323e-01 1.699304e-05 
  125 2.505640e-01 1.699304e-05 
  126 2.268982e-01 1.699304e-05 
  127 2.030435e-01 1.699304e-05 
  128 1.779496e-01 1.699304e-05 
  129 1.654275e-01 1.699304e-05 
  130 1.563323e-01 1.699304e-05 
  131 1.475184e-01 1.699304e-05 
  132 1.304671e-01 1.699304e-05 
  133 1.083823e-01 1.699304e-05 
  134 8.633540e-02 1.699304e-05 
  135 7.227016e-02 1.699304e-05 
  136 6.430544e-02 1.699304e-05 
  137 5.687300e-02 1.699304e-05 
  138 4.980675e-02 1.699304e-05 
  139 4.519514e-02 1.699304e-05 
  140 4.121795e-02 1.699304e-05 
  141 3.716021e-02 1.699304e-05 
  142 3.370445e-02 1.699304e-05 
  143 2.943568e-02 1.699304e-05 
  144 2.485708e-02 1.699304e-05 
  145 2.068260e-02 1.699304e-05 
  146 1.759017e-02 1.699304e-05 
  147 1.496867e-02 1.699304e-05 
  148 1.338831e-02 1.699304e-05 
  149 1.217787e-02 1.699304e-05 
  150 1.133287e-02 1.699304e-05 
  151 1.076261e-02 1.699304e-05 
  152 1.022866e-02 1.699304e-05 
  153 9.847741e-03 1.699304e-05 
  154 9.556966e-03 1.699304e-05 
  155 9.378021e-03 1.699304e-05 
  156 9.060181e-03 1.699304e-05 
  157 8.690602e-03 1.699304e-05 
  158 8.313177e-03 1.699304e-05 
  159 8.186779e-03 1.699304e-05 
  160 8.165651e-03 1.699304e-05 
  161 8.104833e-03 1.699304e-05 
  162 8.020656e-03 1.699304e-05 
  163 7.926357e-03 1.699304e-05 
  164 7.919710e-03 1.699304e-05 
  165 7.919603e-03 1.699304e-05 
  166 7.918777e-03 1.699304e-05 
  167 7.900230e-03 1.699304e-05 
  168 7.815153e-03 1.699304e-05 
  169 7.666480e-03 1.699304e-05 
  170 7.357283e-03 1.699304e-05 
  171 6.921859e-03 1.699304e-05 
  172 6.437398e-03 1.699304e-05 
  173 6.143669e-03 1.699304e-05 
  174 5.943826e-03 1.699304e-05 
  175 5.692828e-03 1.699304e-05 
  176 5.340972e-03 1.699304e-05 
  177 4.984062e-03 1.699304e-05 
  178 4.631108e-03 1.699304e-05 
  179 4.141290e-03 1.699304e-05 
  180 3.738076e-03 1.699304e-05 
  181 3.470031e-03 1.699304e-05 
  182 3.261964e-03 1.699304e-05 
  183 3.012543e-03 1.699304e-05 
  184 2.739243e-03 1.699304e-05 
  185 2.510256e-03 1.699304e-05 
  186 2.202824e-03 1.699304e-05 
  187 1.886785e-03 1.699304e-05 
  188 1.647280e-03 1.699304e-05 
  189 1.465349e-03 1.699304e-05 
  190 1.354580e-03 1.699304e-05 
  191 1.264512e-03 1.699304e-05 
  192 1.194728e-03 1.699304e-05 
  193 1.110066e-03 1.699304e-05 
  194 9.922580e-04 1.699304e-05 
  195 8.848658e-04 1.699304e-05 
  196 8.025082e-04 1.699304e-05 
  197 7.521224e-04 1.699304e-05 
  198 7.232069e-04 1.699304e-05 
  199 7.004068e-04 1.699304e-05 
  200 6.860455e-04 1.699304e-05 
  201 6.793749e-04 1.699304e-05 
  202 6.727216e-04 1.699304e-05 
  203 6.637756e-04 1.699304e-05 
  204 6.437742e-04 1.699304e-05 
  205 6.003273e-04 1.699304e-05 
  206 5.515914e-04 1.699304e-05 
  207 4.956373e-04 1.699304e-05 
  208 4.270899e-04 1.699304e-05 
  209 3.657955e-04 1.699304e-05 
  210 3.254634e-04 1.699304e-05 
  211 2.774384e-04 1.699304e-05 
  212 2.245990e-04 1.699304e-05 
  213 1.817318e-04 1.699304e-05 
  214 1.499136e-04 1.699304e-05 
  215 1.245132e-04 1.699304e-05 
  216 1.026842e-04 1.699304e-05 
  217 8.243541e-05 1.699304e-05 
  218 6.824296e-05 1.699304e-05 
  219 5.689702e-05 1.699304e-05 
  220 4.917466e-05 1.699304e-05 
  221 4.401394e-05 1.699304e-05 
  222 3.945905e-05 1.699304e-05 
  223 3.466676e-05 1.699304e-05 
  224 3.012200e-05 1.699304e-05 
  225 2.628828e-05 1.699304e-05 
  226 2.360627e-05 1.699304e-05 
  227 2.147250e-05 1.699304e-05 
  228 1.908705e-05 1.699304e-05 
  229 1.646167e-05 1.699304e-05 
Wrote solution 6 to './results/naca_sens.pres'

Reading optimal pressure distribution from ./results/naca_steady.pres
Read solution 0 from './results/naca_steady.pres'
Read solution 7 from './sdesign/naca_sowered.der'
Gmres(2000) iterations:
  0 1.764452e+05 1.704700e-05 (1.000000e-10)  
  1 2.792919e+04 1.704700e-05 
  2 1.064100e+04 1.704700e-05 
  3 5.005156e+03 1.704700e-05 
  4 3.569612e+03 1.704700e-05 
  5 3.302644e+03 1.704700e-05 
  6 3.169459e+03 1.704700e-05 
  7 3.090631e+03 1.704700e-05 
  8 2.887172e+03 1.704700e-05 
  9 2.587858e+03 1.704700e-05 
  10 2.194989e+03 1.704700e-05 
  11 1.760561e+03 1.704700e-05 
  12 1.325417e+03 1.704700e-05 
  13 1.103819e+03 1.704700e-05 
  14 9.703709e+02 1.704700e-05 
  15 8.868696e+02 1.704700e-05 
  16 7.942035e+02 1.704700e-05 
  17 7.172465e+02 1.704700e-05 
  18 6.384451e+02 1.704700e-05 
  19 5.618911e+02 1.704700e-05 
  20 5.039163e+02 1.704700e-05 
  21 4.413375e+02 1.704700e-05 
  22 3.754533e+02 1.704700e-05 
  23 3.397685e+02 1.704700e-05 
  24 3.131603e+02 1.704700e-05 
  25 2.848187e+02 1.704700e-05 
  26 2.652446e+02 1.704700e-05 
  27 2.465730e+02 1.704700e-05 
  28 2.282253e+02 1.704700e-05 
  29 2.025994e+02 1.704700e-05 
  30 1.897868e+02 1.704700e-05 
  31 1.761794e+02 1.704700e-05 
  32 1.565648e+02 1.704700e-05 
  33 1.385740e+02 1.704700e-05 
  34 1.262308e+02 1.704700e-05 
  35 1.174142e+02 1.704700e-05 
  36 1.076161e+02 1.704700e-05 
  37 9.997957e+01 1.704700e-05 
  38 9.392369e+01 1.704700e-05 
  39 8.692425e+01 1.704700e-05 
  40 8.028402e+01 1.704700e-05 
  41 7.192621e+01 1.704700e-05 
  42 6.423185e+01 1.704700e-05 
  43 5.663027e+01 1.704700e-05 
  44 5.182367e+01 1.704700e-05 
  45 4.784506e+01 1.704700e-05 
  46 4.502790e+01 1.704700e-05 
  47 4.310779e+01 1.704700e-05 
  48 4.089952e+01 1.704700e-05 
  49 3.770100e+01 1.704700e-05 
  50 3.292942e+01 1.704700e-05 
  51 2.857191e+01 1.704700e-05 
  52 2.567806e+01 1.704700e-05 
  53 2.373114e+01 1.704700e-05 
  54 2.253311e+01 1.704700e-05 
  55 2.103054e+01 1.704700e-05 
  56 1.953031e+01 1.704700e-05 
  57 1.744115e+01 1.704700e-05 
  58 1.561088e+01 1.704700e-05 
  59 1.384546e+01 1.704700e-05 
  60 1.264138e+01 1.704700e-05 
  61 1.111751e+01 1.704700e-05 
  62 9.913238e+00 1.704700e-05 
  63 9.348104e+00 1.704700e-05 
  64 8.635873e+00 1.704700e-05 
  65 8.133222e+00 1.704700e-05 
  66 7.765083e+00 1.704700e-05 
  67 7.329647e+00 1.704700e-05 
  68 6.883589e+00 1.704700e-05 
  69 6.476507e+00 1.704700e-05 
  70 5.924092e+00 1.704700e-05 
  71 4.957458e+00 1.704700e-05 
  72 4.307258e+00 1.704700e-05 
  73 3.846872e+00 1.704700e-05 
  74 3.508236e+00 1.704700e-05 
  75 3.209116e+00 1.704700e-05 
  76 3.039871e+00 1.704700e-05 
  77 2.904939e+00 1.704700e-05 
  78 2.749479e+00 1.704700e-05 
  79 2.563529e+00 1.704700e-05 
  80 2.370338e+00 1.704700e-05 
  81 2.076490e+00 1.704700e-05 
  82 1.841435e+00 1.704700e-05 
  83 1.659477e+00 1.704700e-05 
  84 1.508252e+00 1.704700e-05 
  85 1.395272e+00 1.704700e-05 
  86 1.270522e+00 1.704700e-05 
  87 1.174540e+00 1.704700e-05 
  88 1.103554e+00 1.704700e-05 
  89 1.020708e+00 1.704700e-05 
  90 8.972738e-01 1.704700e-05 
  91 7.616675e-01 1.704700e-05 
  92 6.461173e-01 1.704700e-05 
  93 5.495004e-01 1.704700e-05 
  94 4.825265e-01 1.704700e-05 
  95 4.322702e-01 1.704700e-05 
  96 3.944120e-01 1.704700e-05 
  97 3.664447e-01 1.704700e-05 
  98 3.563559e-01 1.704700e-05 
  99 3.390204e-01 1.704700e-05 
  100 3.197074e-01 1.704700e-05 
  101 2.987189e-01 1.704700e-05 
  102 2.710669e-01 1.704700e-05 
  103 2.409664e-01 1.704700e-05 
  104 2.069537e-01 1.704700e-05 
  105 1.756090e-01 1.704700e-05 
  106 1.570235e-01 1.704700e-05 
  107 1.482971e-01 1.704700e-05 
  108 1.416336e-01 1.704700e-05 
  109 1.331864e-01 1.704700e-05 
  110 1.240782e-01 1.704700e-05 
  111 1.156044e-01 1.704700e-05 
  112 1.094617e-01 1.704700e-05 
  113 1.037925e-01 1.704700e-05 
  114 1.007621e-01 1.704700e-05 
  115 9.860441e-02 1.704700e-05 
  116 9.520965e-02 1.704700e-05 
  117 8.694539e-02 1.704700e-05 
  118 7.423048e-02 1.704700e-05 
  119 6.469527e-02 1.704700e-05 
  120 5.871076e-02 1.704700e-05 
  121 5.453574e-02 1.704700e-05 
  122 5.179400e-02 1.704700e-05 
  123 4.960772e-02 1.704700e-05 
  124 4.812313e-02 1.704700e-05 
  125 4.609871e-02 1.704700e-05 
  126 4.299175e-02 1.704700e-05 
  127 3.964604e-02 1.704700e-05 
  128 3.695503e-02 1.704700e-05 
  129 3.416665e-02 1.704700e-05 
  130 3.083131e-02 1.704700e-05 
  131 2.792211e-02 1.704700e-05 
  132 2.602446e-02 1.704700e-05 
  133 2.429521e-02 1.704700e-05 
  134 2.204504e-02 1.704700e-05 
  135 1.984675e-02 1.704700e-05 
  136 1.861717e-02 1.704700e-05 
  137 1.725098e-02 1.704700e-05 
  138 1.550107e-02 1.704700e-05 
  139 1.446251e-02 1.704700e-05 
  140 1.326350e-02 1.704700e-05 
  141 1.159190e-02 1.704700e-05 
  142 9.370443e-03 1.704700e-05 
  143 7.791823e-03 1.704700e-05 
  144 6.789776e-03 1.704700e-05 
  145 6.161345e-03 1.704700e-05 
  146 5.840161e-03 1.704700e-05 
  147 5.641025e-03 1.704700e-05 
  148 5.371576e-03 1.704700e-05 
  149 5.089967e-03 1.704700e-05 
  150 4.894704e-03 1.704700e-05 
  151 4.712519e-03 1.704700e-05 
  152 4.625242e-03 1.704700e-05 
  153 4.527399e-03 1.704700e-05 
  154 4.463309e-03 1.704700e-05 
  155 4.293736e-03 1.704700e-05 
  156 4.075898e-03 1.704700e-05 
  157 3.788202e-03 1.704700e-05 
  158 3.601980e-03 1.704700e-05 
  159 3.431020e-03 1.704700e-05 
  160 3.238262e-03 1.704700e-05 
  161 3.056835e-03 1.704700e-05 
  162 2.919173e-03 1.704700e-05 
  163 2.861038e-03 1.704700e-05 
  164 2.837849e-03 1.704700e-05 
  165 2.778752e-03 1.704700e-05 
  166 2.627397e-03 1.704700e-05 
  167 2.390967e-03 1.704700e-05 
  168 2.181086e-03 1.704700e-05 
  169 2.007518e-03 1.704700e-05 
  170 1.907321e-03 1.704700e-05 
  171 1.856098e-03 1.704700e-05 
  172 1.772898e-03 1.704700e-05 
  173 1.688815e-03 1.704700e-05 
  174 1.644038e-03 1.704700e-05 
  175 1.619144e-03 1.704700e-05 
  176 1.587256e-03 1.704700e-05 
  177 1.540911e-03 1.704700e-05 
  178 1.468569e-03 1.704700e-05 
  179 1.378802e-03 1.704700e-05 
  180 1.302875e-03 1.704700e-05 
  181 1.250781e-03 1.704700e-05 
  182 1.223719e-03 1.704700e-05 
  183 1.216301e-03 1.704700e-05 
  184 1.201894e-03 1.704700e-05 
  185 1.187325e-03 1.704700e-05 
  186 1.147446e-03 1.704700e-05 
  187 1.086848e-03 1.704700e-05 
  188 9.809085e-04 1.704700e-05 
  189 8.735493e-04 1.704700e-05 
  190 7.531533e-04 1.704700e-05 
  191 6.616966e-04 1.704700e-05 
  192 5.605472e-04 1.704700e-05 
  193 4.812145e-04 1.704700e-05 
  194 4.196146e-04 1.704700e-05 
  195 3.647295e-04 1.704700e-05 
  196 3.075982e-04 1.704700e-05 
  197 2.655745e-04 1.704700e-05 
  198 2.321654e-04 1.704700e-05 
  199 1.948103e-04 1.704700e-05 
  200 1.670306e-04 1.704700e-05 
  201 1.380201e-04 1.704700e-05 
  202 1.134531e-04 1.704700e-05 
  203 9.399935e-05 1.704700e-05 
  204 7.937905e-05 1.704700e-05 
  205 6.571857e-05 1.704700e-05 
  206 5.370611e-05 1.704700e-05 
  207 4.493667e-05 1.704700e-05 
  208 3.834369e-05 1.704700e-05 
  209 3.428278e-05 1.704700e-05 
  210 3.104518e-05 1.704700e-05 
  211 2.788960e-05 1.704700e-05 
  212 2.542112e-05 1.704700e-05 
  213 2.281567e-05 1.704700e-05 
  214 2.067298e-05 1.704700e-05 
  215 1.840765e-05 1.704700e-05 
  216 1.594580e-05 1.704700e-05 
Wrote solution 7 to './results/naca_sens.pres'

Reading optimal pressure distribution from ./results/naca_steady.pres
Read solution 0 from './results/naca_steady.pres'

 *** FluidShapeOptimizationHandler::fsoHandler >> Exit (159.535 s)

[1;31mAERO-F finished[0m

